<?xml version="1.0" encoding="UTF-8"?>
<testsuite xmlns:xsi="http://www.w3.org/2001/XMLSchema-instance" xsi:noNamespaceSchemaLocation="https://maven.apache.org/surefire/maven-surefire-plugin/xsd/surefire-test-report-3.0.xsd" version="3.0" name="ikerdevmodel.PersonTest" time="0.196" tests="5" errors="0" skipped="0" failures="0">
  <properties>
[...]
</properties>
  <testcase name="calculaLaEdadCorrectamenteSegunElAnioDeNacimiento" classname="ikerdevmodel.PersonTest" time="0.139"/>
  <testcase name="devuelveElDocumentoDeIdentidadCorrectamente" classname="ikerdevmodel.PersonTest" time="0.007"/>
  <testcase name="devuelveElAnioDeNacimientoCorrectamente" classname="ikerdevmodel.PersonTest" time="0"/>
  <testcase name="devuelveElNombreCorrectamente" classname="ikerdevmodel.PersonTest" time="0"/>
  <testcase name="devuelveElApellidoCorrectamente" classname="ikerdevmodel.PersonTest" time="0"/>
</testsuite>